2019-10-07 18:28:08,616:INFO: Creating the dataset...
2019-10-07 18:28:08,952:INFO: - done.
2019-10-07 18:28:09,522:INFO: Starting evaluation
2019-10-07 18:28:24,599:INFO: - Eval metrics : accuracy: 0.262 ; loss: 2.198
2019-10-07 18:28:47,794:INFO: Loading the datasets...
2019-10-07 18:28:48,052:INFO: - done.
2019-10-07 18:28:48,471:INFO: Starting training for 5 epoch(s)
2019-10-07 18:29:35,923:INFO: Loading the datasets...
2019-10-07 18:29:35,980:INFO: - done.
2019-10-07 18:29:36,121:INFO: Starting training for 5 epoch(s)
2019-10-07 18:29:36,123:INFO: Epoch 1/5
2019-10-07 18:34:26,664:INFO: - Train metrics: accuracy: 0.000 ; loss: 3.866
2019-10-07 18:34:38,937:INFO: - Eval metrics : accuracy: 0.077 ; loss: 2.429
2019-10-07 18:34:39,288:INFO: - Found new best accuracy
2019-10-07 18:34:39,433:INFO: Epoch 2/5
2019-10-07 18:39:55,249:INFO: - Train metrics: accuracy: 0.200 ; loss: 2.318
2019-10-07 18:40:07,928:INFO: - Eval metrics : accuracy: 0.077 ; loss: 2.357
2019-10-07 18:40:08,733:INFO: - Found new best accuracy
2019-10-07 18:40:08,794:INFO: Epoch 3/5
2019-10-07 18:45:48,532:INFO: - Train metrics: accuracy: 0.000 ; loss: 2.459
2019-10-07 18:46:08,664:INFO: - Eval metrics : accuracy: 0.077 ; loss: 2.346
2019-10-07 18:46:09,113:INFO: - Found new best accuracy
2019-10-07 18:46:09,212:INFO: Epoch 4/5
2019-10-07 18:52:53,658:INFO: - Train metrics: accuracy: 0.000 ; loss: 2.323
2019-10-07 18:53:13,093:INFO: - Eval metrics : accuracy: 0.077 ; loss: 2.349
2019-10-07 18:53:13,359:INFO: - Found new best accuracy
2019-10-07 18:53:13,376:INFO: Epoch 5/5
2019-10-07 18:59:21,982:INFO: - Train metrics: accuracy: 0.200 ; loss: 2.428
2019-10-07 18:59:34,613:INFO: - Eval metrics : accuracy: 0.092 ; loss: 2.338
2019-10-07 18:59:35,017:INFO: - Found new best accuracy
2019-10-07 22:42:26,927:INFO: Creating the dataset...
2019-10-07 22:42:29,305:INFO: - done.
2019-10-07 22:42:30,577:INFO: Starting evaluation
2019-10-07 22:42:50,477:INFO: - Eval metrics : accuracy: 0.262 ; loss: 2.198
2019-10-07 22:46:00,537:INFO: Creating the dataset...
2019-10-07 22:46:00,680:INFO: - done.
2019-10-07 22:46:00,684:INFO: Starting evaluation
2019-10-07 22:46:13,540:INFO: - Eval metrics : accuracy: 0.262 ; loss: 2.198
2019-10-07 22:46:47,477:INFO: Creating the dataset...
2019-10-07 22:46:47,614:INFO: - done.
2019-10-07 22:46:47,618:INFO: Starting evaluation
2019-10-07 22:47:01,063:INFO: - Eval metrics : accuracy: 0.262 ; loss: 2.198
2019-10-09 12:42:15,045:INFO: Creating the dataset...
2019-10-09 12:42:15,402:INFO: - done.
2019-10-09 12:42:15,806:INFO: Starting evaluation
2019-10-09 12:42:30,183:INFO: - Eval metrics : accuracy: 0.262 ; loss: 2.198
2019-10-09 12:59:18,195:INFO: Loading the datasets...
2019-10-09 13:00:36,449:INFO: Loading the datasets...
2019-10-09 13:01:30,864:INFO: Loading the datasets...
2019-10-09 13:02:03,612:INFO: Loading the datasets...
2019-10-09 13:03:03,989:INFO: Loading the datasets...
2019-10-09 13:07:37,829:INFO: Loading the datasets...
2019-10-09 13:08:27,536:INFO: Loading the datasets...
2019-10-09 13:14:37,111:INFO: Loading the datasets...
2019-10-09 13:23:42,252:INFO: Loading the datasets...
2019-10-09 13:27:38,752:INFO: Loading the datasets...
2019-10-09 13:33:15,732:INFO: Loading the datasets...
2019-10-09 13:48:05,411:INFO: Loading the datasets...
2019-10-09 13:49:16,390:INFO: Loading the datasets...
2019-10-09 13:49:16,478:INFO: - done.
2019-10-09 13:49:47,705:INFO: Loading the datasets...
2019-10-09 13:49:47,782:INFO: - done.
2019-10-09 13:50:45,892:INFO: Loading the datasets...
2019-10-09 13:50:45,976:INFO: - done.
2019-10-09 13:50:59,571:INFO: Loading the datasets...
2019-10-09 13:50:59,650:INFO: - done.
2019-10-09 13:51:09,110:INFO: Loading the datasets...
2019-10-09 13:51:09,284:INFO: - done.
2019-10-11 01:04:40,084:INFO: Creating the dataset...
2019-10-11 01:04:40,359:INFO: - done.
2019-10-11 01:04:40,367:INFO: Starting evaluation
2019-10-11 01:07:54,459:INFO: Creating the dataset...
2019-10-11 01:07:54,639:INFO: - done.
2019-10-11 01:07:54,653:INFO: Starting evaluation
2019-10-11 01:11:57,192:INFO: Creating the dataset...
2019-10-11 01:11:57,350:INFO: - done.
2019-10-11 01:11:57,360:INFO: Starting evaluation
2019-10-11 01:14:43,802:INFO: Creating the dataset...
2019-10-11 01:14:43,958:INFO: - done.
2019-10-11 01:14:43,968:INFO: Starting evaluation
2019-10-11 01:15:43,595:INFO: Loading the datasets...
2019-10-11 01:15:43,918:INFO: - done.
2019-10-11 01:17:11,501:INFO: Loading the datasets...
2019-10-11 01:17:11,763:INFO: - done.
2019-10-11 01:17:11,829:INFO: Starting training for 5 epoch(s)
2019-10-11 01:17:11,831:INFO: Epoch 1/5
2019-10-11 01:21:21,538:INFO: - Train metrics: accuracy: 0.200 ; loss: 2.258
2019-10-11 01:21:32,071:INFO: - Eval metrics : accuracy: 0.092 ; loss: 2.330
2019-10-11 01:21:32,298:INFO: - Found new best accuracy
2019-10-11 01:21:32,308:INFO: Epoch 2/5
2019-10-11 01:26:29,354:INFO: - Train metrics: accuracy: 0.200 ; loss: 2.286
2019-10-11 01:26:40,938:INFO: - Eval metrics : accuracy: 0.077 ; loss: 2.329
2019-10-11 01:26:41,016:INFO: Epoch 3/5
2019-10-11 01:30:59,295:INFO: - Train metrics: accuracy: 0.200 ; loss: 2.253
2019-10-11 01:31:10,333:INFO: - Eval metrics : accuracy: 0.092 ; loss: 2.321
2019-10-11 01:31:10,594:INFO: - Found new best accuracy
2019-10-11 01:31:10,624:INFO: Epoch 4/5
2019-10-11 01:35:32,124:INFO: - Train metrics: accuracy: 0.200 ; loss: 2.189
2019-10-11 01:35:43,266:INFO: - Eval metrics : accuracy: 0.092 ; loss: 2.295
2019-10-11 01:35:43,348:INFO: - Found new best accuracy
2019-10-11 01:35:43,353:INFO: Epoch 5/5
2019-10-11 01:39:57,756:INFO: - Train metrics: accuracy: 0.200 ; loss: 2.165
2019-10-11 01:40:08,499:INFO: - Eval metrics : accuracy: 0.092 ; loss: 2.258
2019-10-11 01:40:08,654:INFO: - Found new best accuracy
2019-10-11 01:42:28,305:INFO: Creating the dataset...
2019-10-11 01:42:28,530:INFO: - done.
2019-10-11 01:42:28,545:INFO: Starting evaluation
2019-10-11 01:42:41,147:INFO: - Eval metrics : accuracy: 0.323 ; loss: 2.074
