2019-09-07 19:33:15,444:INFO: Loading the datasets...
2019-09-07 19:33:16,204:INFO: - done.
2019-09-07 20:11:31,182:INFO: Loading the datasets...
2019-09-07 20:11:34,219:INFO: - done.
2019-09-07 20:11:36,171:INFO: Starting training for 20 epoch(s)
2019-09-07 20:11:36,174:INFO: Epoch 1/20
2019-09-07 22:53:18,892:INFO: - Train metrics: accuracy: 0.370 ; loss: 1.804
2019-09-07 23:01:47,012:INFO: - Eval metrics : accuracy: 0.464 ; loss: 1.489
2019-09-07 23:01:48,767:INFO: - Found new best accuracy
2019-09-07 23:01:49,299:INFO: Epoch 2/20
2019-10-06 19:32:31,797:INFO: Loading the datasets...
2019-10-06 19:32:31,823:INFO: - done.
2019-10-06 19:32:32,308:INFO: Starting training for 20 epoch(s)
2019-10-06 19:32:32,310:INFO: Epoch 1/20
2019-10-06 19:34:36,786:INFO: Loading the datasets...
2019-10-06 19:34:36,812:INFO: - done.
2019-10-06 19:34:36,841:INFO: Starting training for 5 epoch(s)
2019-10-06 19:34:36,842:INFO: Epoch 1/5
2019-10-06 19:35:23,795:INFO: Loading the datasets...
2019-10-06 19:35:23,821:INFO: - done.
2019-10-06 19:35:23,850:INFO: Starting training for 5 epoch(s)
2019-10-06 19:35:23,851:INFO: Epoch 1/5
2019-10-06 19:39:37,865:INFO: - Train metrics: accuracy: 0.000 ; loss: 3.866
2019-10-06 19:39:48,216:INFO: - Eval metrics : accuracy: 0.077 ; loss: 2.429
2019-10-06 19:39:48,342:INFO: - Found new best accuracy
2019-10-06 19:39:48,386:INFO: Epoch 2/5
2019-10-06 19:44:19,519:INFO: - Train metrics: accuracy: 0.200 ; loss: 2.318
2019-10-06 19:44:29,940:INFO: - Eval metrics : accuracy: 0.077 ; loss: 2.357
2019-10-06 19:44:30,061:INFO: - Found new best accuracy
2019-10-06 19:44:30,072:INFO: Epoch 3/5
2019-10-06 19:48:53,468:INFO: - Train metrics: accuracy: 0.000 ; loss: 2.459
2019-10-06 19:49:03,616:INFO: - Eval metrics : accuracy: 0.077 ; loss: 2.346
2019-10-06 19:49:03,748:INFO: - Found new best accuracy
2019-10-06 19:49:03,762:INFO: Epoch 4/5
2019-10-06 19:53:23,421:INFO: - Train metrics: accuracy: 0.000 ; loss: 2.323
2019-10-06 19:53:33,492:INFO: - Eval metrics : accuracy: 0.077 ; loss: 2.349
2019-10-06 19:53:33,572:INFO: - Found new best accuracy
2019-10-06 19:53:33,581:INFO: Epoch 5/5
2019-10-06 19:57:55,224:INFO: - Train metrics: accuracy: 0.200 ; loss: 2.428
2019-10-06 19:58:05,297:INFO: - Eval metrics : accuracy: 0.092 ; loss: 2.338
2019-10-06 19:58:05,472:INFO: - Found new best accuracy
2019-10-06 20:17:16,140:INFO: Creating the dataset...
2019-10-06 20:17:16,329:INFO: - done.
2019-10-06 20:17:16,354:INFO: Starting evaluation
2019-10-06 20:17:27,844:INFO: - Eval metrics : accuracy: 0.262 ; loss: 2.198
